  2023-08-21 05:38:24 Maatwebsite\Excel\Jobs\QueueImport ............. RUNNING
  2023-08-21 05:38:24 Maatwebsite\Excel\Jobs\ReadChunk ............... RUNNING
  2023-08-21 05:38:24 Maatwebsite\Excel\Jobs\AfterImportJob .......... RUNNING
  2023-08-21 05:38:24 App\Notifications\ShortUrl\ShortUrlImportSuccessNotification  RUNNING
  2023-08-21 05:38:25 App\Notifications\ShortUrl\ShortUrlImportSuccessNotification  77.02ms FAIL
  2023-08-21 05:38:25 App\Notifications\ShortUrl\ShortUrlImportHasFailedNotification  RUNNING
  2023-08-21 05:38:25 App\Notifications\ShortUrl\ShortUrlImportHasFailedNotification  5.46ms FAIL
  2023-08-21 05:38:25 Maatwebsite\Excel\Jobs\AfterImportJob ...... 7.33ms FAIL
  2023-08-21 05:38:25 App\Notifications\ShortUrl\ShortUrlImportHasFailedNotification  RUNNING
  2023-08-21 05:38:25 App\Notifications\ShortUrl\ShortUrlImportHasFailedNotification  5.21ms FAIL
  2023-08-21 05:38:25 Maatwebsite\Excel\Jobs\ReadChunk ........... 6.86ms FAIL
  2023-08-21 05:38:25 Maatwebsite\Excel\Jobs\QueueImport ........ 11.03ms FAIL
  2023-08-21 05:38:50 Maatwebsite\Excel\Jobs\QueueImport ............. RUNNING
  2023-08-21 05:38:50 Maatwebsite\Excel\Jobs\QueueImport ........ 21.53ms DONE
  2023-08-21 05:38:50 Maatwebsite\Excel\Jobs\ReadChunk ............... RUNNING
  2023-08-21 05:38:50 Maatwebsite\Excel\Jobs\ReadChunk .......... 47.56ms DONE
  2023-08-21 05:38:50 Maatwebsite\Excel\Jobs\AfterImportJob .......... RUNNING
  2023-08-21 05:38:50 Maatwebsite\Excel\Jobs\AfterImportJob ...... 7.18ms DONE
  2023-08-21 05:38:50 App\Notifications\ShortUrl\ShortUrlImportSuccessNotification  RUNNING
  2023-08-21 05:38:50 App\Notifications\ShortUrl\ShortUrlImportSuccessNotification  381.62ms DONE
  2023-08-21 05:39:57 Maatwebsite\Excel\Jobs\QueueImport ............. RUNNING
  2023-08-21 05:39:57 Maatwebsite\Excel\Jobs\ReadChunk ............... RUNNING
  2023-08-21 05:39:57 Maatwebsite\Excel\Jobs\AfterImportJob .......... RUNNING
  2023-08-21 05:39:57 App\Notifications\ShortUrl\ShortUrlImportSuccessNotification  RUNNING
  2023-08-21 05:39:58 App\Notifications\ShortUrl\ShortUrlImportSuccessNotification  44.00ms FAIL
  2023-08-21 05:39:58 App\Notifications\ShortUrl\ShortUrlImportHasFailedNotification  RUNNING
  2023-08-21 05:39:58 App\Notifications\ShortUrl\ShortUrlImportHasFailedNotification  7.76ms FAIL
  2023-08-21 05:39:58 Maatwebsite\Excel\Jobs\AfterImportJob ..... 10.17ms FAIL
  2023-08-21 05:39:58 App\Notifications\ShortUrl\ShortUrlImportHasFailedNotification  RUNNING
  2023-08-21 05:39:58 App\Notifications\ShortUrl\ShortUrlImportHasFailedNotification  7.53ms FAIL
  2023-08-21 05:39:58 Maatwebsite\Excel\Jobs\ReadChunk ........... 9.63ms FAIL
  2023-08-21 05:39:58 Maatwebsite\Excel\Jobs\QueueImport ........ 14.89ms FAIL
  2023-08-21 05:43:14 Maatwebsite\Excel\Jobs\QueueExport ............. RUNNING
  2023-08-21 05:43:14 Maatwebsite\Excel\Jobs\QueueExport ........ 47.44ms DONE
  2023-08-21 05:43:14 Maatwebsite\Excel\Jobs\CloseSheet .............. RUNNING
  2023-08-21 05:43:14 Maatwebsite\Excel\Jobs\CloseSheet ......... 16.25ms DONE
  2023-08-21 05:43:14 Maatwebsite\Excel\Jobs\StoreQueuedExport ....... RUNNING
  2023-08-21 05:43:14 Maatwebsite\Excel\Jobs\StoreQueuedExport .. 14.50ms DONE
  2023-08-21 05:43:14 App\Jobs\ShortUrl\NotifyUserOfCompletedExportJob  RUNNING
  2023-08-21 05:43:14 App\Jobs\ShortUrl\NotifyUserOfCompletedExportJob  3.58ms DONE
  2023-08-21 05:43:14 App\Notifications\ShortUrl\ShortUrlExportSuccessNotification  RUNNING
  2023-08-21 05:43:14 App\Notifications\ShortUrl\ShortUrlExportSuccessNotification  260.68ms DONE
  2023-08-21 10:48:50 Maatwebsite\Excel\Jobs\QueueExport ............. RUNNING
  2023-08-21 10:48:50 Maatwebsite\Excel\Jobs\CloseSheet .............. RUNNING
  2023-08-21 10:48:50 Maatwebsite\Excel\Jobs\StoreQueuedExport ....... RUNNING
  2023-08-21 10:48:50 App\Jobs\ShortUrl\NotifyUserOfCompletedLatestDomainExportJob  RUNNING
  2023-08-21 10:48:50 App\Notifications\ShortUrl\LatestDomainExportSuccessNotification  RUNNING
  2023-08-21 10:48:50 App\Notifications\ShortUrl\LatestDomainExportSuccessNotification  37.34ms FAIL
  2023-08-21 10:48:50 App\Jobs\ShortUrl\NotifyUserOfCompletedLatestDomainExportJob  42.18ms FAIL
  2023-08-21 10:48:50 Maatwebsite\Excel\Jobs\StoreQueuedExport .. 43.69ms FAIL
  2023-08-21 10:48:50 App\Notifications\ShortUrl\LatestDomainExportFailedNotification  RUNNING
  2023-08-21 10:48:50 App\Notifications\ShortUrl\LatestDomainExportFailedNotification  5.26ms FAIL
  2023-08-21 10:48:50 Maatwebsite\Excel\Jobs\CloseSheet .......... 6.67ms FAIL
  2023-08-21 10:48:50 App\Notifications\ShortUrl\LatestDomainExportFailedNotification  RUNNING
  2023-08-21 10:48:50 App\Notifications\ShortUrl\LatestDomainExportFailedNotification  5.23ms FAIL
  2023-08-21 10:48:50 Maatwebsite\Excel\Jobs\QueueExport ......... 6.82ms FAIL
  2023-08-21 10:51:23 Maatwebsite\Excel\Jobs\QueueExport ............. RUNNING
  2023-08-21 10:51:23 Maatwebsite\Excel\Jobs\CloseSheet .............. RUNNING
  2023-08-21 10:51:23 Maatwebsite\Excel\Jobs\StoreQueuedExport ....... RUNNING
  2023-08-21 10:51:23 App\Jobs\ShortUrl\NotifyUserOfCompletedLatestDomainExportJob  RUNNING
  2023-08-21 10:51:23 App\Notifications\ShortUrl\LatestDomainExportSuccessNotification  RUNNING
  2023-08-21 10:51:23 App\Notifications\ShortUrl\LatestDomainExportSuccessNotification  41.88ms FAIL
  2023-08-21 10:51:23 App\Jobs\ShortUrl\NotifyUserOfCompletedLatestDomainExportJob  55.66ms FAIL
  2023-08-21 10:51:23 Maatwebsite\Excel\Jobs\StoreQueuedExport .. 56.84ms FAIL
  2023-08-21 10:51:23 App\Notifications\ShortUrl\LatestDomainExportFailedNotification  RUNNING
  2023-08-21 10:51:23 App\Notifications\ShortUrl\LatestDomainExportFailedNotification  6.02ms FAIL
  2023-08-21 10:51:23 Maatwebsite\Excel\Jobs\CloseSheet .......... 7.37ms FAIL
  2023-08-21 10:51:23 App\Notifications\ShortUrl\LatestDomainExportFailedNotification  RUNNING
  2023-08-21 10:51:23 App\Notifications\ShortUrl\LatestDomainExportFailedNotification  8.11ms FAIL
  2023-08-21 10:51:23 Maatwebsite\Excel\Jobs\QueueExport ........ 11.71ms FAIL
  2023-08-21 10:53:02 Maatwebsite\Excel\Jobs\QueueExport ............. RUNNING
  2023-08-21 10:53:02 Maatwebsite\Excel\Jobs\CloseSheet .............. RUNNING
  2023-08-21 10:53:02 Maatwebsite\Excel\Jobs\StoreQueuedExport ....... RUNNING
  2023-08-21 10:53:02 App\Jobs\ShortUrl\NotifyUserOfCompletedLatestDomainExportJob  RUNNING
  2023-08-21 10:53:02 App\Notifications\ShortUrl\LatestDomainExportSuccessNotification  RUNNING
  2023-08-21 10:53:02 App\Notifications\ShortUrl\LatestDomainExportSuccessNotification  34.90ms FAIL
  2023-08-21 10:53:02 App\Jobs\ShortUrl\NotifyUserOfCompletedLatestDomainExportJob  38.77ms FAIL
  2023-08-21 10:53:02 Maatwebsite\Excel\Jobs\StoreQueuedExport .. 40.14ms FAIL
  2023-08-21 10:53:02 App\Notifications\ShortUrl\LatestDomainExportFailedNotification  RUNNING
  2023-08-21 10:53:02 App\Notifications\ShortUrl\LatestDomainExportFailedNotification  5.62ms FAIL
  2023-08-21 10:53:02 Maatwebsite\Excel\Jobs\CloseSheet .......... 6.97ms FAIL
  2023-08-21 10:53:02 App\Notifications\ShortUrl\LatestDomainExportFailedNotification  RUNNING
  2023-08-21 10:53:02 App\Notifications\ShortUrl\LatestDomainExportFailedNotification  8.05ms FAIL
  2023-08-21 10:53:02 Maatwebsite\Excel\Jobs\QueueExport ......... 9.75ms FAIL
  2023-08-21 10:55:20 Maatwebsite\Excel\Jobs\QueueExport ............. RUNNING
  2023-08-21 10:55:20 Maatwebsite\Excel\Jobs\AppendQueryToSheet ...... RUNNING
  2023-08-21 10:55:20 Maatwebsite\Excel\Jobs\CloseSheet .............. RUNNING
  2023-08-21 10:55:20 Maatwebsite\Excel\Jobs\StoreQueuedExport ....... RUNNING
  2023-08-21 10:55:20 App\Jobs\ShortUrl\NotifyUserOfCompletedLatestDomainExportJob  RUNNING
  2023-08-21 10:55:20 App\Notifications\ShortUrl\LatestDomainExportSuccessNotification  RUNNING
  2023-08-21 10:55:20 App\Notifications\ShortUrl\LatestDomainExportSuccessNotification  36.43ms FAIL
  2023-08-21 10:55:20 App\Jobs\ShortUrl\NotifyUserOfCompletedLatestDomainExportJob  39.98ms FAIL
  2023-08-21 10:55:20 Maatwebsite\Excel\Jobs\StoreQueuedExport .. 41.21ms FAIL
  2023-08-21 10:55:20 App\Notifications\ShortUrl\LatestDomainExportFailedNotification  RUNNING
  2023-08-21 10:55:20 App\Notifications\ShortUrl\LatestDomainExportFailedNotification  5.84ms FAIL
  2023-08-21 10:55:20 Maatwebsite\Excel\Jobs\CloseSheet .......... 6.90ms FAIL
  2023-08-21 10:55:20 App\Notifications\ShortUrl\LatestDomainExportFailedNotification  RUNNING
  2023-08-21 10:55:20 App\Notifications\ShortUrl\LatestDomainExportFailedNotification  5.07ms FAIL
  2023-08-21 10:55:20 Maatwebsite\Excel\Jobs\AppendQueryToSheet .. 6.16ms FAIL
  2023-08-21 10:55:20 App\Notifications\ShortUrl\LatestDomainExportFailedNotification  RUNNING
  2023-08-21 10:55:20 App\Notifications\ShortUrl\LatestDomainExportFailedNotification  5.05ms FAIL
  2023-08-21 10:55:20 Maatwebsite\Excel\Jobs\QueueExport ......... 6.23ms FAIL
  2023-08-21 10:56:53 Maatwebsite\Excel\Jobs\QueueExport ............. RUNNING
  2023-08-21 10:56:53 Maatwebsite\Excel\Jobs\CloseSheet .............. RUNNING
  2023-08-21 10:56:53 Maatwebsite\Excel\Jobs\StoreQueuedExport ....... RUNNING
  2023-08-21 10:56:53 App\Jobs\ShortUrl\NotifyUserOfCompletedLatestDomainExportJob  RUNNING
  2023-08-21 10:56:53 App\Notifications\ShortUrl\LatestDomainExportSuccessNotification  RUNNING
  2023-08-21 10:56:53 App\Notifications\ShortUrl\LatestDomainExportSuccessNotification  35.72ms FAIL
  2023-08-21 10:56:53 App\Jobs\ShortUrl\NotifyUserOfCompletedLatestDomainExportJob  40.23ms FAIL
  2023-08-21 10:56:53 Maatwebsite\Excel\Jobs\StoreQueuedExport .. 42.22ms FAIL
  2023-08-21 10:56:53 App\Notifications\ShortUrl\LatestDomainExportFailedNotification  RUNNING
  2023-08-21 10:56:53 App\Notifications\ShortUrl\LatestDomainExportFailedNotification  5.91ms FAIL
  2023-08-21 10:56:53 Maatwebsite\Excel\Jobs\CloseSheet .......... 7.42ms FAIL
  2023-08-21 10:56:53 App\Notifications\ShortUrl\LatestDomainExportFailedNotification  RUNNING
  2023-08-21 10:56:53 App\Notifications\ShortUrl\LatestDomainExportFailedNotification  6.11ms FAIL
  2023-08-21 10:56:53 Maatwebsite\Excel\Jobs\QueueExport ......... 8.20ms FAIL
  2023-08-21 10:57:41 Maatwebsite\Excel\Jobs\QueueExport ............. RUNNING
  2023-08-21 10:57:41 Maatwebsite\Excel\Jobs\CloseSheet .............. RUNNING
  2023-08-21 10:57:41 Maatwebsite\Excel\Jobs\StoreQueuedExport ....... RUNNING
  2023-08-21 10:57:41 App\Jobs\ShortUrl\NotifyUserOfCompletedLatestDomainExportJob  RUNNING
  2023-08-21 10:57:41 App\Notifications\ShortUrl\LatestDomainExportSuccessNotification  RUNNING
  2023-08-21 10:57:41 App\Notifications\ShortUrl\LatestDomainExportSuccessNotification  39.57ms FAIL
  2023-08-21 10:57:41 App\Jobs\ShortUrl\NotifyUserOfCompletedLatestDomainExportJob  42.83ms FAIL
  2023-08-21 10:57:41 Maatwebsite\Excel\Jobs\StoreQueuedExport .. 43.91ms FAIL
  2023-08-21 10:57:41 App\Notifications\ShortUrl\LatestDomainExportFailedNotification  RUNNING
  2023-08-21 10:57:41 App\Notifications\ShortUrl\LatestDomainExportFailedNotification  5.36ms FAIL
  2023-08-21 10:57:41 Maatwebsite\Excel\Jobs\CloseSheet .......... 6.50ms FAIL
  2023-08-21 10:57:41 App\Notifications\ShortUrl\LatestDomainExportFailedNotification  RUNNING
  2023-08-21 10:57:41 App\Notifications\ShortUrl\LatestDomainExportFailedNotification  5.37ms FAIL
  2023-08-21 10:57:41 Maatwebsite\Excel\Jobs\QueueExport ......... 6.46ms FAIL
  2023-08-21 10:58:45 Maatwebsite\Excel\Jobs\QueueExport ............. RUNNING
  2023-08-21 10:58:45 Maatwebsite\Excel\Jobs\QueueExport ........ 40.28ms DONE
  2023-08-21 10:58:45 Maatwebsite\Excel\Jobs\CloseSheet .............. RUNNING
  2023-08-21 10:58:45 Maatwebsite\Excel\Jobs\CloseSheet ......... 12.56ms DONE
  2023-08-21 10:58:45 Maatwebsite\Excel\Jobs\StoreQueuedExport ....... RUNNING
  2023-08-21 10:58:45 Maatwebsite\Excel\Jobs\StoreQueuedExport .. 14.33ms DONE
  2023-08-21 10:58:45 App\Jobs\ShortUrl\NotifyUserOfCompletedLatestDomainExportJob  RUNNING
  2023-08-21 10:58:45 App\Jobs\ShortUrl\NotifyUserOfCompletedLatestDomainExportJob  4.43ms DONE
  2023-08-21 10:58:45 App\Notifications\ShortUrl\LatestDomainExportSuccessNotification  RUNNING
  2023-08-21 10:58:45 App\Notifications\ShortUrl\LatestDomainExportSuccessNotification  239.57ms DONE
  2023-08-21 11:59:22 App\Jobs\ShortUrl\TldUpdateJob ................. RUNNING
  2023-08-21 11:59:22 App\Jobs\ShortUrl\TldUpdateJob ............ 29.31ms DONE
  2023-08-21 11:59:22 App\Notifications\ShortUrl\TldUpdateSuccessNotification  RUNNING
  2023-08-21 11:59:22 App\Notifications\ShortUrl\TldUpdateSuccessNotification  217.37ms DONE
  2023-08-21 11:59:28 App\Jobs\ShortUrl\TldUpdateJob ................. RUNNING
  2023-08-21 11:59:31 App\Jobs\ShortUrl\TldUpdateJob ................. RUNNING
  2023-08-21 11:59:33 App\Jobs\ShortUrl\TldUpdateJob ................. 1s DONE
  2023-08-21 11:59:33 App\Notifications\ShortUrl\TldUpdateSuccessNotification  RUNNING
  2023-08-21 11:59:33 App\Notifications\ShortUrl\TldUpdateSuccessNotification  244.53ms DONE
  2023-08-21 11:59:35 App\Jobs\ShortUrl\TldUpdateJob ................. RUNNING
  2023-08-21 11:59:35 App\Jobs\ShortUrl\TldUpdateJob ............ 38.58ms DONE
  2023-08-21 11:59:35 App\Notifications\ShortUrl\TldUpdateSuccessNotification  RUNNING
  2023-08-21 11:59:35 App\Notifications\ShortUrl\TldUpdateSuccessNotification  355.57ms DONE
  2023-08-21 11:59:38 App\Jobs\ShortUrl\TldUpdateJob ................. RUNNING
  2023-08-21 11:59:40 App\Jobs\ShortUrl\TldUpdateJob ................. 1s DONE
  2023-08-21 11:59:40 App\Notifications\ShortUrl\TldUpdateSuccessNotification  RUNNING
  2023-08-21 11:59:40 App\Notifications\ShortUrl\TldUpdateSuccessNotification  262.40ms DONE
  2023-08-21 11:59:41 App\Jobs\ShortUrl\TldUpdateJob ................. RUNNING
  2023-08-21 11:59:41 App\Jobs\ShortUrl\TldUpdateJob ............. 8.51ms DONE
  2023-08-21 11:59:41 App\Notifications\ShortUrl\TldUpdateSuccessNotification  RUNNING
  2023-08-21 11:59:41 App\Notifications\ShortUrl\TldUpdateSuccessNotification  212.76ms DONE
  2023-08-21 11:59:44 App\Jobs\ShortUrl\TldUpdateJob ................ 15s DONE
  2023-08-21 11:59:44 App\Notifications\ShortUrl\TldUpdateSuccessNotification  RUNNING
  2023-08-21 11:59:44 App\Notifications\ShortUrl\TldUpdateSuccessNotification  208.08ms DONE
  2023-08-21 11:59:44 App\Jobs\ShortUrl\TldUpdateJob ................. RUNNING
  2023-08-21 11:59:44 App\Jobs\ShortUrl\TldUpdateJob ............ 46.20ms DONE
  2023-08-21 11:59:44 App\Notifications\ShortUrl\TldUpdateSuccessNotification  RUNNING
  2023-08-21 11:59:44 App\Notifications\ShortUrl\TldUpdateSuccessNotification  329.28ms DONE
  2023-08-21 11:59:48 App\Jobs\ShortUrl\TldUpdateJob ................. RUNNING
  2023-08-21 11:59:49 App\Jobs\ShortUrl\TldUpdateJob ........... 819.96ms DONE
  2023-08-21 11:59:49 App\Notifications\ShortUrl\TldUpdateSuccessNotification  RUNNING
  2023-08-21 11:59:49 App\Notifications\ShortUrl\TldUpdateSuccessNotification  82.60ms DONE
  2023-08-21 12:00:02 Maatwebsite\Excel\Jobs\QueueExport ............. RUNNING
  2023-08-21 12:00:02 Maatwebsite\Excel\Jobs\QueueExport ........ 17.67ms DONE
  2023-08-21 12:00:02 Maatwebsite\Excel\Jobs\AppendQueryToSheet ...... RUNNING
  2023-08-21 12:00:02 Maatwebsite\Excel\Jobs\AppendQueryToSheet .. 9.81ms DONE
  2023-08-21 12:00:02 Maatwebsite\Excel\Jobs\CloseSheet .............. RUNNING
  2023-08-21 12:00:02 Maatwebsite\Excel\Jobs\CloseSheet .......... 8.07ms DONE
  2023-08-21 12:00:02 Maatwebsite\Excel\Jobs\StoreQueuedExport ....... RUNNING
  2023-08-21 12:00:02 Maatwebsite\Excel\Jobs\StoreQueuedExport ... 9.78ms DONE
  2023-08-21 12:00:02 App\Jobs\ShortUrl\NotifyUserOfCompletedLatestDomainExportJob  RUNNING
  2023-08-21 12:00:02 App\Jobs\ShortUrl\NotifyUserOfCompletedLatestDomainExportJob  4.66ms DONE
  2023-08-21 12:00:02 App\Notifications\ShortUrl\LatestDomainExportSuccessNotification  RUNNING
  2023-08-21 12:00:02 App\Notifications\ShortUrl\LatestDomainExportSuccessNotification  92.81ms DONE
  2023-08-21 12:01:07 App\Jobs\ShortUrl\TldUpdateJob ................. RUNNING
  2023-08-21 12:01:07 App\Jobs\ShortUrl\TldUpdateJob ............. 7.13ms DONE
  2023-08-21 12:01:07 App\Notifications\ShortUrl\TldUpdateSuccessNotification  RUNNING
  2023-08-21 12:01:07 App\Notifications\ShortUrl\TldUpdateSuccessNotification  82.95ms DONE
  2023-08-21 12:02:10 Maatwebsite\Excel\Jobs\QueueExport ............. RUNNING
  2023-08-21 12:02:10 Maatwebsite\Excel\Jobs\QueueExport ........ 33.24ms DONE
  2023-08-21 12:02:10 Maatwebsite\Excel\Jobs\AppendQueryToSheet ...... RUNNING
  2023-08-21 12:02:10 Maatwebsite\Excel\Jobs\AppendQueryToSheet . 13.79ms DONE
  2023-08-21 12:02:10 Maatwebsite\Excel\Jobs\CloseSheet .............. RUNNING
  2023-08-21 12:02:10 Maatwebsite\Excel\Jobs\CloseSheet .......... 7.41ms DONE
  2023-08-21 12:02:10 Maatwebsite\Excel\Jobs\StoreQueuedExport ....... RUNNING
  2023-08-21 12:02:10 Maatwebsite\Excel\Jobs\StoreQueuedExport .. 11.18ms DONE
  2023-08-21 12:02:10 App\Jobs\ShortUrl\NotifyUserOfCompletedLatestDomainExportJob  RUNNING
  2023-08-21 12:02:10 App\Jobs\ShortUrl\NotifyUserOfCompletedLatestDomainExportJob  3.67ms DONE
  2023-08-21 12:02:10 App\Notifications\ShortUrl\LatestDomainExportSuccessNotification  RUNNING
  2023-08-21 12:02:10 App\Notifications\ShortUrl\LatestDomainExportSuccessNotification  86.81ms DONE
  2023-08-21 12:04:17 App\Jobs\ShortUrl\TldUpdateJob ................. RUNNING
  2023-08-21 12:04:17 App\Jobs\ShortUrl\TldUpdateJob ............. 6.74ms DONE
  2023-08-21 12:04:17 App\Notifications\ShortUrl\TldUpdateSuccessNotification  RUNNING
  2023-08-21 12:04:17 App\Notifications\ShortUrl\TldUpdateSuccessNotification  87.48ms DONE
  2023-08-21 12:55:28 Maatwebsite\Excel\Jobs\QueueExport ............. RUNNING
  2023-08-21 12:55:28 Maatwebsite\Excel\Jobs\QueueExport ........ 33.36ms DONE
  2023-08-21 12:55:28 Maatwebsite\Excel\Jobs\AppendQueryToSheet ...... RUNNING
  2023-08-21 12:55:28 Maatwebsite\Excel\Jobs\AppendQueryToSheet  398.70ms DONE
  2023-08-21 12:55:28 Maatwebsite\Excel\Jobs\AppendQueryToSheet ...... RUNNING
  2023-08-21 12:55:29 Maatwebsite\Excel\Jobs\AppendQueryToSheet  531.69ms DONE
  2023-08-21 12:55:29 Maatwebsite\Excel\Jobs\AppendQueryToSheet ...... RUNNING
  2023-08-21 12:55:29 Maatwebsite\Excel\Jobs\AppendQueryToSheet  760.90ms DONE
  2023-08-21 12:55:29 Maatwebsite\Excel\Jobs\AppendQueryToSheet ...... RUNNING
  2023-08-21 12:55:31 Maatwebsite\Excel\Jobs\AppendQueryToSheet ...... 1s DONE
  2023-08-21 12:55:31 Maatwebsite\Excel\Jobs\AppendQueryToSheet ...... RUNNING
  2023-08-21 12:55:32 Maatwebsite\Excel\Jobs\AppendQueryToSheet ...... 1s DONE
  2023-08-21 12:55:32 Maatwebsite\Excel\Jobs\AppendQueryToSheet ...... RUNNING
  2023-08-21 12:55:34 Maatwebsite\Excel\Jobs\AppendQueryToSheet ...... 1s DONE
  2023-08-21 12:55:34 Maatwebsite\Excel\Jobs\AppendQueryToSheet ...... RUNNING
  2023-08-21 12:55:36 Maatwebsite\Excel\Jobs\AppendQueryToSheet ...... 2s DONE
  2023-08-21 12:55:36 Maatwebsite\Excel\Jobs\AppendQueryToSheet ...... RUNNING
  2023-08-21 12:55:39 Maatwebsite\Excel\Jobs\AppendQueryToSheet ...... 3s DONE
  2023-08-21 12:55:39 Maatwebsite\Excel\Jobs\AppendQueryToSheet ...... RUNNING
  2023-08-21 12:55:43 Maatwebsite\Excel\Jobs\AppendQueryToSheet ...... 3s DONE
  2023-08-21 12:55:43 Maatwebsite\Excel\Jobs\AppendQueryToSheet ...... RUNNING
  2023-08-21 12:55:46 Maatwebsite\Excel\Jobs\AppendQueryToSheet ...... 3s DONE
  2023-08-21 12:55:46 Maatwebsite\Excel\Jobs\AppendQueryToSheet ...... RUNNING
  2023-08-21 12:55:50 Maatwebsite\Excel\Jobs\AppendQueryToSheet ...... 4s DONE
  2023-08-21 12:55:50 Maatwebsite\Excel\Jobs\AppendQueryToSheet ...... RUNNING
  2023-08-21 12:55:54 Maatwebsite\Excel\Jobs\AppendQueryToSheet ...... 3s DONE
  2023-08-21 12:55:54 Maatwebsite\Excel\Jobs\AppendQueryToSheet ...... RUNNING
  2023-08-21 12:55:58 Maatwebsite\Excel\Jobs\AppendQueryToSheet ...... 3s DONE
  2023-08-21 12:55:58 Maatwebsite\Excel\Jobs\AppendQueryToSheet ...... RUNNING
  2023-08-21 12:56:01 Maatwebsite\Excel\Jobs\AppendQueryToSheet ...... 3s DONE
  2023-08-21 12:56:01 Maatwebsite\Excel\Jobs\AppendQueryToSheet ...... RUNNING
  2023-08-21 12:56:04 Maatwebsite\Excel\Jobs\AppendQueryToSheet ...... 3s DONE
  2023-08-21 12:56:04 Maatwebsite\Excel\Jobs\AppendQueryToSheet ...... RUNNING
  2023-08-21 12:56:08 Maatwebsite\Excel\Jobs\AppendQueryToSheet ...... 3s DONE
  2023-08-21 12:56:08 Maatwebsite\Excel\Jobs\AppendQueryToSheet ...... RUNNING
  2023-08-21 12:56:12 Maatwebsite\Excel\Jobs\AppendQueryToSheet ...... 4s DONE
  2023-08-21 12:56:13 Maatwebsite\Excel\Jobs\AppendQueryToSheet ...... RUNNING
  2023-08-21 12:56:17 Maatwebsite\Excel\Jobs\AppendQueryToSheet ...... 4s DONE
  2023-08-21 12:56:18 Maatwebsite\Excel\Jobs\AppendQueryToSheet ...... RUNNING
  2023-08-21 12:56:23 Maatwebsite\Excel\Jobs\AppendQueryToSheet ...... 4s DONE
  2023-08-21 12:56:24 Maatwebsite\Excel\Jobs\AppendQueryToSheet ...... RUNNING
  2023-08-21 12:56:28 Maatwebsite\Excel\Jobs\AppendQueryToSheet ...... 4s DONE
  2023-08-21 12:56:30 Maatwebsite\Excel\Jobs\AppendQueryToSheet ...... RUNNING
  2023-08-21 12:56:35 Maatwebsite\Excel\Jobs\AppendQueryToSheet ...... 4s DONE
  2023-08-21 12:56:36 Maatwebsite\Excel\Jobs\AppendQueryToSheet ...... RUNNING
  2023-08-21 12:56:41 Maatwebsite\Excel\Jobs\AppendQueryToSheet ...... 5s DONE
  2023-08-21 12:56:42 Maatwebsite\Excel\Jobs\AppendQueryToSheet ...... RUNNING
  2023-08-21 12:56:47 Maatwebsite\Excel\Jobs\AppendQueryToSheet ...... 5s DONE
  2023-08-21 12:56:48 Maatwebsite\Excel\Jobs\AppendQueryToSheet ...... RUNNING
  2023-08-21 12:56:54 Maatwebsite\Excel\Jobs\AppendQueryToSheet ...... 6s DONE
  2023-08-21 12:56:54 Maatwebsite\Excel\Jobs\AppendQueryToSheet ...... RUNNING
  2023-08-21 12:56:59 Maatwebsite\Excel\Jobs\AppendQueryToSheet ...... 5s DONE
  2023-08-21 12:57:00 Maatwebsite\Excel\Jobs\AppendQueryToSheet ...... RUNNING
  2023-08-21 12:57:05 Maatwebsite\Excel\Jobs\AppendQueryToSheet ...... 5s DONE
  2023-08-21 12:57:06 Maatwebsite\Excel\Jobs\AppendQueryToSheet ...... RUNNING
  2023-08-21 12:57:12 Maatwebsite\Excel\Jobs\AppendQueryToSheet ...... 6s DONE
  2023-08-21 12:57:13 Maatwebsite\Excel\Jobs\AppendQueryToSheet ...... RUNNING
  2023-08-21 12:57:20 Maatwebsite\Excel\Jobs\AppendQueryToSheet ...... 7s DONE
  2023-08-21 12:57:20 Maatwebsite\Excel\Jobs\AppendQueryToSheet ...... RUNNING
  2023-08-21 12:57:28 Maatwebsite\Excel\Jobs\AppendQueryToSheet ...... 7s DONE
  2023-08-21 12:57:28 Maatwebsite\Excel\Jobs\AppendQueryToSheet ...... RUNNING
  2023-08-21 12:57:35 Maatwebsite\Excel\Jobs\AppendQueryToSheet ...... 7s DONE
  2023-08-21 12:57:36 Maatwebsite\Excel\Jobs\AppendQueryToSheet ...... RUNNING
  2023-08-21 12:57:44 Maatwebsite\Excel\Jobs\AppendQueryToSheet ...... 7s DONE
  2023-08-21 12:57:45 Maatwebsite\Excel\Jobs\AppendQueryToSheet ...... RUNNING
  2023-08-21 12:57:53 Maatwebsite\Excel\Jobs\AppendQueryToSheet ...... 8s DONE
  2023-08-21 12:57:54 Maatwebsite\Excel\Jobs\AppendQueryToSheet ...... RUNNING
  2023-08-21 12:57:55 Maatwebsite\Excel\Jobs\QueueExport ............. RUNNING
  2023-08-21 12:57:55 Maatwebsite\Excel\Jobs\QueueExport ........ 22.92ms DONE
  2023-08-21 12:57:55 Maatwebsite\Excel\Jobs\AppendQueryToSheet ...... RUNNING
  2023-08-21 12:57:55 Maatwebsite\Excel\Jobs\AppendQueryToSheet  325.43ms DONE
  2023-08-21 12:57:55 Maatwebsite\Excel\Jobs\AppendQueryToSheet ...... RUNNING
  2023-08-21 12:57:56 Maatwebsite\Excel\Jobs\AppendQueryToSheet  521.21ms DONE
  2023-08-21 12:57:56 Maatwebsite\Excel\Jobs\AppendQueryToSheet ...... RUNNING
  2023-08-21 12:57:57 Maatwebsite\Excel\Jobs\AppendQueryToSheet  681.72ms DONE
  2023-08-21 12:57:57 Maatwebsite\Excel\Jobs\AppendQueryToSheet ...... RUNNING
  2023-08-21 12:57:58 Maatwebsite\Excel\Jobs\AppendQueryToSheet ...... 1s DONE
  2023-08-21 12:57:58 Maatwebsite\Excel\Jobs\AppendQueryToSheet ...... RUNNING
  2023-08-21 12:57:59 Maatwebsite\Excel\Jobs\AppendQueryToSheet ...... 1s DONE
  2023-08-21 12:57:59 Maatwebsite\Excel\Jobs\AppendQueryToSheet ...... RUNNING
  2023-08-21 12:58:00 Maatwebsite\Excel\Jobs\AppendQueryToSheet ...... 1s DONE
  2023-08-21 12:58:00 Maatwebsite\Excel\Jobs\AppendQueryToSheet ...... RUNNING
  2023-08-21 12:58:02 Maatwebsite\Excel\Jobs\AppendQueryToSheet ...... 1s DONE
  2023-08-21 12:58:02 Maatwebsite\Excel\Jobs\AppendQueryToSheet ...... RUNNING
  2023-08-21 12:58:02 Maatwebsite\Excel\Jobs\AppendQueryToSheet ...... 8s DONE
  2023-08-21 12:58:03 Maatwebsite\Excel\Jobs\AppendQueryToSheet ...... RUNNING
  2023-08-21 12:58:05 Maatwebsite\Excel\Jobs\AppendQueryToSheet ...... 2s DONE
  2023-08-21 12:58:05 Maatwebsite\Excel\Jobs\AppendQueryToSheet ...... RUNNING
  2023-08-21 12:58:08 Maatwebsite\Excel\Jobs\AppendQueryToSheet ...... 3s DONE
  2023-08-21 12:58:08 Maatwebsite\Excel\Jobs\AppendQueryToSheet ...... RUNNING
  2023-08-21 12:58:11 Maatwebsite\Excel\Jobs\AppendQueryToSheet ...... 2s DONE
  2023-08-21 12:58:11 Maatwebsite\Excel\Jobs\AppendQueryToSheet ...... RUNNING
  2023-08-21 12:58:13 Maatwebsite\Excel\Jobs\AppendQueryToSheet ...... 2s DONE
  2023-08-21 12:58:13 Maatwebsite\Excel\Jobs\AppendQueryToSheet ...... RUNNING
  2023-08-21 12:58:14 Maatwebsite\Excel\Jobs\AppendQueryToSheet ..... 10s DONE
  2023-08-21 12:58:14 Maatwebsite\Excel\Jobs\AppendQueryToSheet ...... RUNNING
  2023-08-21 12:58:17 Maatwebsite\Excel\Jobs\AppendQueryToSheet ...... 3s DONE
  2023-08-21 12:58:17 Maatwebsite\Excel\Jobs\AppendQueryToSheet ...... RUNNING
  2023-08-21 12:58:20 Maatwebsite\Excel\Jobs\AppendQueryToSheet ...... 3s DONE
  2023-08-21 12:58:20 Maatwebsite\Excel\Jobs\AppendQueryToSheet ...... RUNNING
  2023-08-21 12:58:23 Maatwebsite\Excel\Jobs\AppendQueryToSheet ...... 9s DONE
  2023-08-21 12:58:23 Maatwebsite\Excel\Jobs\AppendQueryToSheet ...... 3s DONE
  2023-08-21 12:58:23 Maatwebsite\Excel\Jobs\AppendQueryToSheet ...... RUNNING
  2023-08-21 12:58:23 Maatwebsite\Excel\Jobs\AppendQueryToSheet ...... RUNNING
  2023-08-21 12:58:27 Maatwebsite\Excel\Jobs\AppendQueryToSheet ...... 3s DONE
  2023-08-21 12:58:27 Maatwebsite\Excel\Jobs\AppendQueryToSheet ...... RUNNING
  2023-08-21 12:58:32 Maatwebsite\Excel\Jobs\AppendQueryToSheet ...... 5s DONE
  2023-08-21 12:58:32 Maatwebsite\Excel\Jobs\AppendQueryToSheet ...... RUNNING
  2023-08-21 12:58:34 Maatwebsite\Excel\Jobs\AppendQueryToSheet ..... 11s DONE
  2023-08-21 12:58:36 Maatwebsite\Excel\Jobs\AppendQueryToSheet ...... RUNNING
  2023-08-21 12:58:37 Maatwebsite\Excel\Jobs\AppendQueryToSheet ...... 4s DONE
  2023-08-21 12:58:37 Maatwebsite\Excel\Jobs\AppendQueryToSheet ...... RUNNING
  2023-08-21 12:58:42 Maatwebsite\Excel\Jobs\AppendQueryToSheet ...... 4s DONE
  2023-08-21 12:58:42 Maatwebsite\Excel\Jobs\AppendQueryToSheet ...... RUNNING
  2023-08-21 12:58:46 Maatwebsite\Excel\Jobs\AppendQueryToSheet ..... 10s DONE
  2023-08-21 12:58:47 Maatwebsite\Excel\Jobs\AppendQueryToSheet ...... RUNNING
  2023-08-21 12:58:49 Maatwebsite\Excel\Jobs\AppendQueryToSheet ...... 6s DONE
  2023-08-21 12:58:49 Maatwebsite\Excel\Jobs\AppendQueryToSheet ...... RUNNING
  2023-08-21 12:58:56 Maatwebsite\Excel\Jobs\AppendQueryToSheet ...... 6s DONE
  2023-08-21 12:58:57 Maatwebsite\Excel\Jobs\AppendQueryToSheet ...... RUNNING
  2023-08-21 12:58:59 Maatwebsite\Excel\Jobs\AppendQueryToSheet ..... 11s DONE
  2023-08-21 12:59:00 Maatwebsite\Excel\Jobs\AppendQueryToSheet ...... RUNNING
  2023-08-21 12:59:03 Maatwebsite\Excel\Jobs\AppendQueryToSheet ...... 5s DONE
  2023-08-21 12:59:03 Maatwebsite\Excel\Jobs\AppendQueryToSheet ...... RUNNING
  2023-08-21 12:59:09 Maatwebsite\Excel\Jobs\AppendQueryToSheet ...... 6s DONE
  2023-08-21 12:59:10 Maatwebsite\Excel\Jobs\AppendQueryToSheet ...... RUNNING
  2023-08-21 12:59:11 Maatwebsite\Excel\Jobs\AppendQueryToSheet ..... 10s DONE
  2023-08-21 12:59:12 Maatwebsite\Excel\Jobs\AppendQueryToSheet ...... RUNNING
  2023-08-21 12:59:15 Maatwebsite\Excel\Jobs\AppendQueryToSheet ...... 5s DONE
  2023-08-21 12:59:16 Maatwebsite\Excel\Jobs\AppendQueryToSheet ...... RUNNING
  2023-08-21 12:59:22 Maatwebsite\Excel\Jobs\QueueImport ............. RUNNING
  2023-08-21 12:59:22 Maatwebsite\Excel\Jobs\QueueImport ........ 26.11ms DONE
  2023-08-21 12:59:22 Maatwebsite\Excel\Jobs\ReadChunk ............... RUNNING
  2023-08-21 12:59:22 Maatwebsite\Excel\Jobs\ReadChunk .......... 49.21ms DONE
  2023-08-21 12:59:22 Maatwebsite\Excel\Jobs\AfterImportJob .......... RUNNING
  2023-08-21 12:59:22 Maatwebsite\Excel\Jobs\AfterImportJob ...... 5.95ms DONE
  2023-08-21 12:59:22 App\Notifications\ShortUrl\ShortUrlImportSuccessNotification  RUNNING
  2023-08-21 12:59:22 App\Notifications\ShortUrl\ShortUrlImportSuccessNotification  356.83ms DONE
  2023-08-21 12:59:22 Maatwebsite\Excel\Jobs\AppendQueryToSheet ...... 6s DONE
  2023-08-21 12:59:22 Maatwebsite\Excel\Jobs\AppendQueryToSheet ...... RUNNING
  2023-08-21 12:59:23 Maatwebsite\Excel\Jobs\AppendQueryToSheet ..... 11s DONE
  2023-08-21 12:59:24 Maatwebsite\Excel\Jobs\AppendQueryToSheet ...... RUNNING
  2023-08-21 12:59:30 Maatwebsite\Excel\Jobs\AppendQueryToSheet ...... 7s DONE
  2023-08-21 12:59:30 Maatwebsite\Excel\Jobs\AppendQueryToSheet ...... RUNNING
  2023-08-21 12:59:35 Maatwebsite\Excel\Jobs\AppendQueryToSheet ..... 11s DONE
  2023-08-21 12:59:37 Maatwebsite\Excel\Jobs\AppendQueryToSheet ...... RUNNING
  2023-08-21 12:59:37 Maatwebsite\Excel\Jobs\AppendQueryToSheet ...... 7s DONE
  2023-08-21 12:59:38 Maatwebsite\Excel\Jobs\AppendQueryToSheet ...... RUNNING
  2023-08-21 12:59:46 Maatwebsite\Excel\Jobs\AppendQueryToSheet ...... 8s DONE
  2023-08-21 12:59:46 Maatwebsite\Excel\Jobs\AppendQueryToSheet ...... RUNNING
  2023-08-21 12:59:49 Maatwebsite\Excel\Jobs\QueueImport ............. RUNNING
  2023-08-21 12:59:49 Maatwebsite\Excel\Jobs\QueueImport ........ 19.93ms DONE
  2023-08-21 12:59:49 Maatwebsite\Excel\Jobs\ReadChunk ............... RUNNING
  2023-08-21 12:59:49 Maatwebsite\Excel\Jobs\ReadChunk .......... 55.00ms DONE
  2023-08-21 12:59:49 Maatwebsite\Excel\Jobs\AfterImportJob .......... RUNNING
  2023-08-21 12:59:49 Maatwebsite\Excel\Jobs\AfterImportJob ...... 5.71ms DONE
  2023-08-21 12:59:49 App\Notifications\ShortUrl\ShortUrlImportSuccessNotification  RUNNING
  2023-08-21 12:59:49 App\Notifications\ShortUrl\ShortUrlImportSuccessNotification  381.88ms DONE
  2023-08-21 12:59:51 Maatwebsite\Excel\Jobs\AppendQueryToSheet ..... 14s DONE
  2023-08-21 12:59:52 Maatwebsite\Excel\Jobs\AppendQueryToSheet ...... RUNNING
  2023-08-21 12:59:55 Maatwebsite\Excel\Jobs\AppendQueryToSheet ...... 9s DONE
  2023-08-21 12:59:56 Maatwebsite\Excel\Jobs\AppendQueryToSheet ...... RUNNING
  2023-08-21 13:00:04 Maatwebsite\Excel\Jobs\AppendQueryToSheet ...... 8s DONE
  2023-08-21 13:00:04 Maatwebsite\Excel\Jobs\AppendQueryToSheet ...... RUNNING
  2023-08-21 13:00:05 Maatwebsite\Excel\Jobs\AppendQueryToSheet ..... 12s DONE
  2023-08-21 13:00:05 Maatwebsite\Excel\Jobs\AppendQueryToSheet ...... RUNNING
  2023-08-21 13:00:13 Maatwebsite\Excel\Jobs\AppendQueryToSheet ...... 8s DONE
  2023-08-21 13:00:13 Maatwebsite\Excel\Jobs\AppendQueryToSheet ...... RUNNING
  2023-08-21 13:00:18 Maatwebsite\Excel\Jobs\AppendQueryToSheet ..... 13s DONE
  2023-08-21 13:00:19 Maatwebsite\Excel\Jobs\AppendQueryToSheet ...... RUNNING
  2023-08-21 13:00:21 Maatwebsite\Excel\Jobs\AppendQueryToSheet ...... 8s DONE
  2023-08-21 13:00:22 Maatwebsite\Excel\Jobs\AppendQueryToSheet ...... RUNNING
  2023-08-21 13:00:33 Maatwebsite\Excel\Jobs\AppendQueryToSheet ..... 10s DONE
  2023-08-21 13:00:33 Maatwebsite\Excel\Jobs\AppendQueryToSheet ..... 14s DONE
  2023-08-21 13:00:34 Maatwebsite\Excel\Jobs\AppendQueryToSheet ...... RUNNING
  2023-08-21 13:00:34 Maatwebsite\Excel\Jobs\AppendQueryToSheet ...... RUNNING
  2023-08-21 13:00:45 Maatwebsite\Excel\Jobs\AppendQueryToSheet ..... 11s DONE
  2023-08-21 13:00:45 Maatwebsite\Excel\Jobs\AppendQueryToSheet ...... RUNNING
  2023-08-21 13:00:52 Maatwebsite\Excel\Jobs\AppendQueryToSheet ..... 18s DONE
  2023-08-21 13:00:52 Maatwebsite\Excel\Jobs\AppendQueryToSheet ...... RUNNING
  2023-08-21 13:01:00 Maatwebsite\Excel\Jobs\AppendQueryToSheet ..... 14s DONE
  2023-08-21 13:01:01 Maatwebsite\Excel\Jobs\AppendQueryToSheet ...... RUNNING
  2023-08-21 13:01:12 Maatwebsite\Excel\Jobs\AppendQueryToSheet ..... 19s DONE
  2023-08-21 13:01:12 Maatwebsite\Excel\Jobs\AppendQueryToSheet ...... RUNNING
  2023-08-21 13:01:14 Maatwebsite\Excel\Jobs\AppendQueryToSheet ..... 12s DONE
  2023-08-21 13:01:14 Maatwebsite\Excel\Jobs\AppendQueryToSheet ...... RUNNING
  2023-08-21 13:01:25 Maatwebsite\Excel\Jobs\AppendQueryToSheet ..... 11s DONE
  2023-08-21 13:01:25 Maatwebsite\Excel\Jobs\AppendQueryToSheet ...... RUNNING
  2023-08-21 13:01:29 Maatwebsite\Excel\Jobs\AppendQueryToSheet ..... 16s DONE
  2023-08-21 13:01:29 Maatwebsite\Excel\Jobs\AppendQueryToSheet ...... RUNNING
  2023-08-21 13:01:38 Maatwebsite\Excel\Jobs\AppendQueryToSheet ..... 13s DONE
  2023-08-21 13:01:40 Maatwebsite\Excel\Jobs\AppendQueryToSheet ...... RUNNING
  2023-08-21 13:01:49 Maatwebsite\Excel\Jobs\AppendQueryToSheet ..... 20s DONE
  2023-08-21 13:01:50 Maatwebsite\Excel\Jobs\AppendQueryToSheet ...... RUNNING
  2023-08-21 13:01:54 Maatwebsite\Excel\Jobs\AppendQueryToSheet ..... 14s DONE
  2023-08-21 13:01:55 Maatwebsite\Excel\Jobs\AppendQueryToSheet ...... RUNNING
  2023-08-21 13:02:07 Maatwebsite\Excel\Jobs\AppendQueryToSheet ..... 17s DONE
  2023-08-21 13:02:07 Maatwebsite\Excel\Jobs\AppendQueryToSheet ...... RUNNING
  2023-08-21 13:02:07 Maatwebsite\Excel\Jobs\AppendQueryToSheet ..... 12s DONE
  2023-08-21 13:02:07 Maatwebsite\Excel\Jobs\AppendQueryToSheet ...... RUNNING
  2023-08-21 13:02:21 Maatwebsite\Excel\Jobs\AppendQueryToSheet ..... 13s DONE
  2023-08-21 13:02:22 Maatwebsite\Excel\Jobs\AppendQueryToSheet ...... RUNNING
  2023-08-21 13:02:24 Maatwebsite\Excel\Jobs\AppendQueryToSheet ..... 17s DONE
  2023-08-21 13:02:25 Maatwebsite\Excel\Jobs\AppendQueryToSheet ...... RUNNING
  2023-08-21 13:02:34 Maatwebsite\Excel\Jobs\AppendQueryToSheet ..... 12s DONE
  2023-08-21 13:02:35 Maatwebsite\Excel\Jobs\AppendQueryToSheet ...... RUNNING
  2023-08-21 13:02:43 Maatwebsite\Excel\Jobs\AppendQueryToSheet ..... 17s DONE
  2023-08-21 13:02:44 Maatwebsite\Excel\Jobs\AppendQueryToSheet ...... RUNNING
  2023-08-21 13:02:46 Maatwebsite\Excel\Jobs\AppendQueryToSheet ..... 11s DONE
  2023-08-21 13:02:47 Maatwebsite\Excel\Jobs\AppendQueryToSheet ...... RUNNING
  2023-08-21 13:02:58 Maatwebsite\Excel\Jobs\AppendQueryToSheet ..... 14s DONE
  2023-08-21 13:02:59 Maatwebsite\Excel\Jobs\AppendQueryToSheet ...... RUNNING
  2023-08-21 13:02:59 Maatwebsite\Excel\Jobs\AppendQueryToSheet ..... 12s DONE
  2023-08-21 13:02:59 Maatwebsite\Excel\Jobs\AppendQueryToSheet ...... RUNNING
  2023-08-21 13:03:11 Maatwebsite\Excel\Jobs\AppendQueryToSheet ..... 12s DONE
  2023-08-21 13:03:12 Maatwebsite\Excel\Jobs\AppendQueryToSheet ...... RUNNING
  2023-08-21 13:03:15 Maatwebsite\Excel\Jobs\AppendQueryToSheet ..... 16s DONE
  2023-08-21 13:03:17 Maatwebsite\Excel\Jobs\AppendQueryToSheet ...... RUNNING
  2023-08-21 13:03:26 Maatwebsite\Excel\Jobs\AppendQueryToSheet ..... 13s DONE
  2023-08-21 13:03:26 Maatwebsite\Excel\Jobs\AppendQueryToSheet ...... RUNNING
  2023-08-21 13:03:34 Maatwebsite\Excel\Jobs\AppendQueryToSheet ..... 17s DONE
  2023-08-21 13:03:35 Maatwebsite\Excel\Jobs\AppendQueryToSheet ...... RUNNING
  2023-08-21 13:03:40 Maatwebsite\Excel\Jobs\AppendQueryToSheet ..... 14s DONE
  2023-08-21 13:03:41 Maatwebsite\Excel\Jobs\AppendQueryToSheet ...... RUNNING
  2023-08-21 13:03:53 Maatwebsite\Excel\Jobs\AppendQueryToSheet ..... 17s DONE
  2023-08-21 13:03:53 Maatwebsite\Excel\Jobs\AppendQueryToSheet ...... RUNNING
  2023-08-21 13:03:55 Maatwebsite\Excel\Jobs\AppendQueryToSheet ..... 13s DONE
  2023-08-21 13:03:56 Maatwebsite\Excel\Jobs\AppendQueryToSheet ...... RUNNING
  2023-08-21 13:04:10 Maatwebsite\Excel\Jobs\AppendQueryToSheet ..... 17s DONE
  2023-08-21 13:04:11 Maatwebsite\Excel\Jobs\AppendQueryToSheet ..... 14s DONE
  2023-08-21 13:04:11 Maatwebsite\Excel\Jobs\AppendQueryToSheet ...... RUNNING
  2023-08-21 13:04:11 Maatwebsite\Excel\Jobs\AppendQueryToSheet ...... RUNNING
  2023-08-21 13:04:26 Maatwebsite\Excel\Jobs\AppendQueryToSheet ..... 14s DONE
  2023-08-21 13:04:26 Maatwebsite\Excel\Jobs\AppendQueryToSheet ...... RUNNING
  2023-08-21 13:04:29 Maatwebsite\Excel\Jobs\AppendQueryToSheet ..... 17s DONE
  2023-08-21 13:04:29 Maatwebsite\Excel\Jobs\AppendQueryToSheet ...... RUNNING
  2023-08-21 13:04:43 Maatwebsite\Excel\Jobs\AppendQueryToSheet ..... 16s DONE
  2023-08-21 13:04:43 Maatwebsite\Excel\Jobs\AppendQueryToSheet ...... RUNNING
  2023-08-21 13:04:49 Maatwebsite\Excel\Jobs\AppendQueryToSheet ..... 19s DONE
  2023-08-21 13:04:50 Maatwebsite\Excel\Jobs\AppendQueryToSheet ...... RUNNING
  2023-08-21 13:05:00 Maatwebsite\Excel\Jobs\AppendQueryToSheet ..... 16s DONE
  2023-08-21 13:05:00 Maatwebsite\Excel\Jobs\AppendQueryToSheet ...... RUNNING
  2023-08-21 13:05:13 Maatwebsite\Excel\Jobs\AppendQueryToSheet ..... 22s DONE
  2023-08-21 13:05:14 Maatwebsite\Excel\Jobs\CloseSheet .............. RUNNING
  2023-08-21 13:05:18 Maatwebsite\Excel\Jobs\AppendQueryToSheet ..... 17s DONE
  2023-08-21 13:05:18 Maatwebsite\Excel\Jobs\AppendQueryToSheet ...... RUNNING
  2023-08-21 13:05:36 Maatwebsite\Excel\Jobs\AppendQueryToSheet ..... 17s DONE
  2023-08-21 13:05:37 Maatwebsite\Excel\Jobs\AppendQueryToSheet ...... RUNNING
  2023-08-21 13:05:42 Maatwebsite\Excel\Jobs\CloseSheet ............. 28s DONE
  2023-08-21 13:05:43 Maatwebsite\Excel\Jobs\StoreQueuedExport ....... RUNNING
  2023-08-21 13:05:43 Maatwebsite\Excel\Jobs\StoreQueuedExport .. 19.43ms DONE
  2023-08-21 13:05:43 App\Jobs\ShortUrl\NotifyUserOfCompletedExportJob  RUNNING
  2023-08-21 13:05:43 App\Jobs\ShortUrl\NotifyUserOfCompletedExportJob  11.60ms DONE
  2023-08-21 13:05:43 App\Notifications\ShortUrl\ShortUrlExportSuccessNotification  RUNNING
  2023-08-21 13:05:43 App\Notifications\ShortUrl\ShortUrlExportSuccessNotification  268.30ms DONE
  2023-08-21 13:05:51 Maatwebsite\Excel\Jobs\AppendQueryToSheet ..... 14s DONE
  2023-08-21 13:05:51 Maatwebsite\Excel\Jobs\AppendQueryToSheet ...... RUNNING
  2023-08-21 13:06:02 Maatwebsite\Excel\Jobs\QueueImport ............. RUNNING
  2023-08-21 13:06:02 Maatwebsite\Excel\Jobs\QueueImport ........ 21.59ms DONE
  2023-08-21 13:06:02 Maatwebsite\Excel\Jobs\ReadChunk ............... RUNNING
  2023-08-21 13:06:02 Maatwebsite\Excel\Jobs\ReadChunk .......... 48.54ms DONE
  2023-08-21 13:06:02 Maatwebsite\Excel\Jobs\AfterImportJob .......... RUNNING
  2023-08-21 13:06:02 Maatwebsite\Excel\Jobs\AfterImportJob ...... 5.29ms DONE
  2023-08-21 13:06:02 App\Notifications\ShortUrl\ShortUrlImportSuccessNotification  RUNNING
  2023-08-21 13:06:03 App\Notifications\ShortUrl\ShortUrlImportSuccessNotification  237.86ms DONE
  2023-08-21 13:06:06 Maatwebsite\Excel\Jobs\AppendQueryToSheet ..... 14s DONE
  2023-08-21 13:06:07 Maatwebsite\Excel\Jobs\AppendQueryToSheet ...... RUNNING
  2023-08-21 13:06:22 Maatwebsite\Excel\Jobs\AppendQueryToSheet ..... 14s DONE
  2023-08-21 13:06:22 Maatwebsite\Excel\Jobs\AppendQueryToSheet ...... RUNNING
  2023-08-21 13:06:34 App\Jobs\ShortUrl\TldUpdateJob ................. RUNNING
  2023-08-21 13:06:34 App\Jobs\ShortUrl\TldUpdateJob ............ 13.79ms DONE
  2023-08-21 13:06:34 App\Notifications\ShortUrl\TldUpdateSuccessNotification  RUNNING
  2023-08-21 13:06:34 App\Notifications\ShortUrl\TldUpdateSuccessNotification  83.70ms DONE
  2023-08-21 13:06:36 Maatwebsite\Excel\Jobs\AppendQueryToSheet ..... 14s DONE
  2023-08-21 13:06:37 Maatwebsite\Excel\Jobs\AppendQueryToSheet ...... RUNNING
  2023-08-21 13:06:51 Maatwebsite\Excel\Jobs\AppendQueryToSheet ..... 14s DONE
  2023-08-21 13:06:52 Maatwebsite\Excel\Jobs\AppendQueryToSheet ...... RUNNING
  2023-08-21 13:07:08 Maatwebsite\Excel\Jobs\AppendQueryToSheet ..... 15s DONE
  2023-08-21 13:07:08 Maatwebsite\Excel\Jobs\AppendQueryToSheet ...... RUNNING
  2023-08-21 13:07:25 Maatwebsite\Excel\Jobs\AppendQueryToSheet ..... 16s DONE
  2023-08-21 13:07:25 Maatwebsite\Excel\Jobs\CloseSheet .............. RUNNING
  2023-08-21 13:07:47 Maatwebsite\Excel\Jobs\CloseSheet ............. 21s DONE
  2023-08-21 13:07:47 Maatwebsite\Excel\Jobs\StoreQueuedExport ....... RUNNING
  2023-08-21 13:07:47 Maatwebsite\Excel\Jobs\StoreQueuedExport .. 25.26ms DONE
  2023-08-21 13:07:47 App\Jobs\ShortUrl\NotifyUserOfCompletedExportJob  RUNNING
  2023-08-21 13:07:47 App\Jobs\ShortUrl\NotifyUserOfCompletedExportJob  4.08ms DONE
  2023-08-21 13:07:47 App\Notifications\ShortUrl\ShortUrlExportSuccessNotification  RUNNING
  2023-08-21 13:07:48 App\Notifications\ShortUrl\ShortUrlExportSuccessNotification  254.04ms DONE
  2023-08-21 13:08:09 App\Jobs\ShortUrl\TldUpdateJob ................. RUNNING
  2023-08-21 13:08:09 App\Jobs\ShortUrl\TldUpdateJob ............ 31.88ms DONE
  2023-08-21 13:08:09 App\Notifications\ShortUrl\TldUpdateSuccessNotification  RUNNING
  2023-08-21 13:08:09 App\Notifications\ShortUrl\TldUpdateSuccessNotification  257.96ms DONE
  2023-08-21 13:09:04 App\Jobs\ShortUrl\TldUpdateJob ................. RUNNING
  2023-08-21 13:09:04 App\Jobs\ShortUrl\TldUpdateJob ............ 25.35ms DONE
  2023-08-21 13:09:04 App\Notifications\ShortUrl\TldUpdateSuccessNotification  RUNNING
  2023-08-21 13:09:05 App\Notifications\ShortUrl\TldUpdateSuccessNotification  251.32ms DONE
  2023-08-21 13:09:41 App\Jobs\ShortUrl\TldUpdateJob ................. RUNNING
  2023-08-21 13:09:41 App\Jobs\ShortUrl\TldUpdateJob ............ 22.98ms DONE
  2023-08-21 13:09:41 App\Notifications\ShortUrl\TldUpdateSuccessNotification  RUNNING
  2023-08-21 13:09:41 App\Notifications\ShortUrl\TldUpdateSuccessNotification  241.18ms DONE
  2023-08-22 12:18:35 App\Jobs\ShortUrl\TldUpdateJob ................. RUNNING
  2023-08-22 12:18:46 App\Jobs\ShortUrl\TldUpdateJob ................ 11s DONE
  2023-08-22 12:18:46 App\Notifications\ShortUrl\TldUpdateSuccessNotification  RUNNING
  2023-08-22 12:18:47 App\Notifications\ShortUrl\TldUpdateSuccessNotification  218.97ms DONE
  2023-08-22 12:19:11 App\Jobs\ShortUrl\TldUpdateJob ................. RUNNING
  2023-08-22 12:19:20 App\Jobs\ShortUrl\TldUpdateJob ................. 9s DONE
  2023-08-22 12:19:20 App\Notifications\ShortUrl\TldUpdateSuccessNotification  RUNNING
  2023-08-22 12:19:20 App\Notifications\ShortUrl\TldUpdateSuccessNotification  156.71ms DONE
  2023-08-22 12:23:20 App\Jobs\ShortUrl\TldUpdateJob ................. RUNNING
  2023-08-22 12:23:21 App\Jobs\ShortUrl\TldUpdateJob ........... 491.87ms DONE
  2023-08-22 12:23:21 App\Notifications\ShortUrl\TldUpdateSuccessNotification  RUNNING
  2023-08-22 12:23:21 App\Notifications\ShortUrl\TldUpdateSuccessNotification  87.56ms DONE
  2023-08-22 12:27:06 App\Jobs\ShortUrl\TldUpdateJob ................. RUNNING
  2023-08-22 12:27:06 App\Jobs\ShortUrl\TldUpdateJob ........... 445.69ms DONE
  2023-08-22 12:27:06 App\Notifications\ShortUrl\TldUpdateSuccessNotification  RUNNING
  2023-08-22 12:27:06 App\Notifications\ShortUrl\TldUpdateSuccessNotification  244.78ms DONE
  2023-08-23 10:12:49 Maatwebsite\Excel\Jobs\QueueExport ............. RUNNING
  2023-08-23 10:12:49 Maatwebsite\Excel\Jobs\QueueExport ........ 30.28ms DONE
  2023-08-23 10:12:49 Maatwebsite\Excel\Jobs\AppendQueryToSheet ...... RUNNING
  2023-08-23 10:12:49 Maatwebsite\Excel\Jobs\AppendQueryToSheet  242.22ms DONE
  2023-08-23 10:12:49 Maatwebsite\Excel\Jobs\AppendQueryToSheet ...... RUNNING
  2023-08-23 10:12:49 Maatwebsite\Excel\Jobs\AppendQueryToSheet  429.92ms DONE
  2023-08-23 10:12:49 Maatwebsite\Excel\Jobs\AppendQueryToSheet ...... RUNNING
  2023-08-23 10:12:50 Maatwebsite\Excel\Jobs\AppendQueryToSheet  903.11ms DONE
  2023-08-23 10:12:50 Maatwebsite\Excel\Jobs\AppendQueryToSheet ...... RUNNING
  2023-08-23 10:12:51 Maatwebsite\Excel\Jobs\AppendQueryToSheet ...... 1s DONE
  2023-08-23 10:12:51 Maatwebsite\Excel\Jobs\AppendQueryToSheet ...... RUNNING
  2023-08-23 10:12:52 Maatwebsite\Excel\Jobs\AppendQueryToSheet ...... 1s DONE
  2023-08-23 10:12:52 Maatwebsite\Excel\Jobs\AppendQueryToSheet ...... RUNNING
  2023-08-23 10:12:54 Maatwebsite\Excel\Jobs\AppendQueryToSheet ...... 1s DONE
  2023-08-23 10:12:54 Maatwebsite\Excel\Jobs\AppendQueryToSheet ...... RUNNING
  2023-08-23 10:12:55 Maatwebsite\Excel\Jobs\AppendQueryToSheet ...... 1s DONE
  2023-08-23 10:12:55 Maatwebsite\Excel\Jobs\AppendQueryToSheet ...... RUNNING
  2023-08-23 10:12:57 Maatwebsite\Excel\Jobs\AppendQueryToSheet ...... 1s DONE
  2023-08-23 10:12:57 Maatwebsite\Excel\Jobs\AppendQueryToSheet ...... RUNNING
  2023-08-23 10:12:59 Maatwebsite\Excel\Jobs\AppendQueryToSheet ...... 2s DONE
  2023-08-23 10:12:59 Maatwebsite\Excel\Jobs\AppendQueryToSheet ...... RUNNING
  2023-08-23 10:13:01 Maatwebsite\Excel\Jobs\AppendQueryToSheet ...... 2s DONE
  2023-08-23 10:13:01 Maatwebsite\Excel\Jobs\AppendQueryToSheet ...... RUNNING
  2023-08-23 10:13:04 Maatwebsite\Excel\Jobs\AppendQueryToSheet ...... 2s DONE
  2023-08-23 10:13:04 Maatwebsite\Excel\Jobs\AppendQueryToSheet ...... RUNNING
  2023-08-23 10:13:06 Maatwebsite\Excel\Jobs\AppendQueryToSheet ...... 2s DONE
  2023-08-23 10:13:06 Maatwebsite\Excel\Jobs\AppendQueryToSheet ...... RUNNING
  2023-08-23 10:13:09 Maatwebsite\Excel\Jobs\AppendQueryToSheet ...... 2s DONE
  2023-08-23 10:13:09 Maatwebsite\Excel\Jobs\AppendQueryToSheet ...... RUNNING
  2023-08-23 10:13:13 Maatwebsite\Excel\Jobs\AppendQueryToSheet ...... 3s DONE
  2023-08-23 10:13:13 Maatwebsite\Excel\Jobs\AppendQueryToSheet ...... RUNNING
  2023-08-23 10:13:16 Maatwebsite\Excel\Jobs\AppendQueryToSheet ...... 3s DONE
  2023-08-23 10:13:16 Maatwebsite\Excel\Jobs\AppendQueryToSheet ...... RUNNING
  2023-08-23 10:13:20 Maatwebsite\Excel\Jobs\AppendQueryToSheet ...... 3s DONE
  2023-08-23 10:13:21 Maatwebsite\Excel\Jobs\AppendQueryToSheet ...... RUNNING
  2023-08-23 10:13:26 Maatwebsite\Excel\Jobs\AppendQueryToSheet ...... 4s DONE
  2023-08-23 10:13:26 Maatwebsite\Excel\Jobs\AppendQueryToSheet ...... RUNNING
  2023-08-23 10:13:30 Maatwebsite\Excel\Jobs\AppendQueryToSheet ...... 4s DONE
  2023-08-23 10:13:31 Maatwebsite\Excel\Jobs\AppendQueryToSheet ...... RUNNING
  2023-08-23 10:13:35 Maatwebsite\Excel\Jobs\AppendQueryToSheet ...... 4s DONE
  2023-08-23 10:13:36 Maatwebsite\Excel\Jobs\AppendQueryToSheet ...... RUNNING
  2023-08-23 10:13:41 Maatwebsite\Excel\Jobs\AppendQueryToSheet ...... 4s DONE
  2023-08-23 10:13:43 Maatwebsite\Excel\Jobs\AppendQueryToSheet ...... RUNNING
  2023-08-23 10:13:48 Maatwebsite\Excel\Jobs\AppendQueryToSheet ...... 5s DONE
  2023-08-23 10:13:49 Maatwebsite\Excel\Jobs\AppendQueryToSheet ...... RUNNING
  2023-08-23 10:13:54 Maatwebsite\Excel\Jobs\AppendQueryToSheet ...... 5s DONE
  2023-08-23 10:13:55 Maatwebsite\Excel\Jobs\AppendQueryToSheet ...... RUNNING
  2023-08-23 10:14:00 Maatwebsite\Excel\Jobs\AppendQueryToSheet ...... 5s DONE
  2023-08-23 10:14:00 Maatwebsite\Excel\Jobs\AppendQueryToSheet ...... RUNNING
  2023-08-23 10:14:06 Maatwebsite\Excel\Jobs\AppendQueryToSheet ...... 5s DONE
  2023-08-23 10:14:07 Maatwebsite\Excel\Jobs\AppendQueryToSheet ...... RUNNING
  2023-08-23 10:14:13 Maatwebsite\Excel\Jobs\AppendQueryToSheet ...... 6s DONE
  2023-08-23 10:14:14 Maatwebsite\Excel\Jobs\AppendQueryToSheet ...... RUNNING
  2023-08-23 10:14:20 Maatwebsite\Excel\Jobs\AppendQueryToSheet ...... 6s DONE
  2023-08-23 10:14:22 Maatwebsite\Excel\Jobs\AppendQueryToSheet ...... RUNNING
  2023-08-23 10:14:29 Maatwebsite\Excel\Jobs\AppendQueryToSheet ...... 6s DONE
  2023-08-23 10:14:30 Maatwebsite\Excel\Jobs\AppendQueryToSheet ...... RUNNING
  2023-08-23 10:14:37 Maatwebsite\Excel\Jobs\AppendQueryToSheet ...... 7s DONE
  2023-08-23 10:14:39 Maatwebsite\Excel\Jobs\AppendQueryToSheet ...... RUNNING
  2023-08-23 10:14:47 Maatwebsite\Excel\Jobs\AppendQueryToSheet ...... 7s DONE
  2023-08-23 10:14:48 Maatwebsite\Excel\Jobs\AppendQueryToSheet ...... RUNNING
  2023-08-23 10:14:55 Maatwebsite\Excel\Jobs\AppendQueryToSheet ...... 7s DONE
  2023-08-23 10:14:56 Maatwebsite\Excel\Jobs\AppendQueryToSheet ...... RUNNING
  2023-08-23 10:15:05 Maatwebsite\Excel\Jobs\AppendQueryToSheet ...... 8s DONE
  2023-08-23 10:15:06 Maatwebsite\Excel\Jobs\AppendQueryToSheet ...... RUNNING
  2023-08-23 10:15:16 Maatwebsite\Excel\Jobs\AppendQueryToSheet ..... 10s DONE
  2023-08-23 10:15:18 Maatwebsite\Excel\Jobs\AppendQueryToSheet ...... RUNNING
  2023-08-23 10:15:29 Maatwebsite\Excel\Jobs\AppendQueryToSheet ..... 11s DONE
  2023-08-23 10:15:30 Maatwebsite\Excel\Jobs\AppendQueryToSheet ...... RUNNING
  2023-08-23 10:15:38 Maatwebsite\Excel\Jobs\AppendQueryToSheet ...... 8s DONE
  2023-08-23 10:15:40 Maatwebsite\Excel\Jobs\AppendQueryToSheet ...... RUNNING
  2023-08-23 10:15:49 Maatwebsite\Excel\Jobs\AppendQueryToSheet ...... 8s DONE
  2023-08-23 10:15:49 Maatwebsite\Excel\Jobs\AppendQueryToSheet ...... RUNNING
  2023-08-23 10:15:58 Maatwebsite\Excel\Jobs\AppendQueryToSheet ...... 9s DONE
  2023-08-23 10:16:00 Maatwebsite\Excel\Jobs\AppendQueryToSheet ...... RUNNING
  2023-08-23 10:16:09 Maatwebsite\Excel\Jobs\AppendQueryToSheet ...... 9s DONE
  2023-08-23 10:16:09 Maatwebsite\Excel\Jobs\AppendQueryToSheet ...... RUNNING
  2023-08-23 10:16:19 Maatwebsite\Excel\Jobs\AppendQueryToSheet ...... 9s DONE
  2023-08-23 10:16:19 Maatwebsite\Excel\Jobs\AppendQueryToSheet ...... RUNNING
  2023-08-23 10:16:29 Maatwebsite\Excel\Jobs\AppendQueryToSheet ..... 10s DONE
  2023-08-23 10:16:30 Maatwebsite\Excel\Jobs\AppendQueryToSheet ...... RUNNING
  2023-08-23 10:16:40 Maatwebsite\Excel\Jobs\AppendQueryToSheet ...... 9s DONE
  2023-08-23 10:16:40 Maatwebsite\Excel\Jobs\AppendQueryToSheet ...... RUNNING
  2023-08-23 10:16:50 Maatwebsite\Excel\Jobs\AppendQueryToSheet ..... 10s DONE
  2023-08-23 10:16:51 Maatwebsite\Excel\Jobs\AppendQueryToSheet ...... RUNNING
  2023-08-23 10:17:02 Maatwebsite\Excel\Jobs\AppendQueryToSheet ..... 10s DONE
  2023-08-23 10:17:02 Maatwebsite\Excel\Jobs\AppendQueryToSheet ...... RUNNING
  2023-08-23 10:17:14 Maatwebsite\Excel\Jobs\AppendQueryToSheet ..... 11s DONE
  2023-08-23 10:17:14 Maatwebsite\Excel\Jobs\AppendQueryToSheet ...... RUNNING
  2023-08-23 10:17:25 Maatwebsite\Excel\Jobs\AppendQueryToSheet ..... 11s DONE
  2023-08-23 10:17:26 Maatwebsite\Excel\Jobs\AppendQueryToSheet ...... RUNNING
  2023-08-23 10:17:38 Maatwebsite\Excel\Jobs\AppendQueryToSheet ..... 11s DONE
  2023-08-23 10:17:39 Maatwebsite\Excel\Jobs\AppendQueryToSheet ...... RUNNING
  2023-08-23 10:17:50 Maatwebsite\Excel\Jobs\AppendQueryToSheet ..... 11s DONE
  2023-08-23 10:17:51 Maatwebsite\Excel\Jobs\AppendQueryToSheet ...... RUNNING
  2023-08-23 10:18:02 Maatwebsite\Excel\Jobs\AppendQueryToSheet ..... 11s DONE
  2023-08-23 10:18:03 Maatwebsite\Excel\Jobs\AppendQueryToSheet ...... RUNNING
  2023-08-23 10:18:15 Maatwebsite\Excel\Jobs\AppendQueryToSheet ..... 12s DONE
  2023-08-23 10:18:16 Maatwebsite\Excel\Jobs\AppendQueryToSheet ...... RUNNING
  2023-08-23 10:18:29 Maatwebsite\Excel\Jobs\AppendQueryToSheet ..... 13s DONE
  2023-08-23 10:18:30 Maatwebsite\Excel\Jobs\AppendQueryToSheet ...... RUNNING
  2023-08-23 10:18:44 Maatwebsite\Excel\Jobs\AppendQueryToSheet ..... 13s DONE
  2023-08-23 10:18:45 Maatwebsite\Excel\Jobs\AppendQueryToSheet ...... RUNNING
  2023-08-23 10:18:58 Maatwebsite\Excel\Jobs\AppendQueryToSheet ..... 13s DONE
  2023-08-23 10:18:59 Maatwebsite\Excel\Jobs\AppendQueryToSheet ...... RUNNING
  2023-08-23 10:19:13 Maatwebsite\Excel\Jobs\AppendQueryToSheet ..... 13s DONE
  2023-08-23 10:19:13 Maatwebsite\Excel\Jobs\AppendQueryToSheet ...... RUNNING
  2023-08-23 10:19:28 Maatwebsite\Excel\Jobs\AppendQueryToSheet ..... 14s DONE
  2023-08-23 10:19:28 Maatwebsite\Excel\Jobs\AppendQueryToSheet ...... RUNNING
  2023-08-23 10:19:43 Maatwebsite\Excel\Jobs\AppendQueryToSheet ..... 14s DONE
  2023-08-23 10:19:43 Maatwebsite\Excel\Jobs\AppendQueryToSheet ...... RUNNING
  2023-08-23 10:19:58 Maatwebsite\Excel\Jobs\AppendQueryToSheet ..... 15s DONE
  2023-08-23 10:19:58 Maatwebsite\Excel\Jobs\AppendQueryToSheet ...... RUNNING
  2023-08-23 10:20:14 Maatwebsite\Excel\Jobs\AppendQueryToSheet ..... 16s DONE
  2023-08-23 10:20:14 Maatwebsite\Excel\Jobs\AppendQueryToSheet ...... RUNNING
  2023-08-23 10:20:30 Maatwebsite\Excel\Jobs\AppendQueryToSheet ..... 15s DONE
  2023-08-23 10:20:31 Maatwebsite\Excel\Jobs\AppendQueryToSheet ...... RUNNING
  2023-08-23 10:20:46 Maatwebsite\Excel\Jobs\AppendQueryToSheet ..... 15s DONE
  2023-08-23 10:20:46 Maatwebsite\Excel\Jobs\AppendQueryToSheet ...... RUNNING
  2023-08-23 10:21:02 Maatwebsite\Excel\Jobs\AppendQueryToSheet ..... 16s DONE
  2023-08-23 10:21:02 Maatwebsite\Excel\Jobs\AppendQueryToSheet ...... RUNNING
  2023-08-23 10:21:20 Maatwebsite\Excel\Jobs\AppendQueryToSheet ..... 17s DONE
  2023-08-23 10:21:21 Maatwebsite\Excel\Jobs\AppendQueryToSheet ...... RUNNING
  2023-08-23 10:21:38 Maatwebsite\Excel\Jobs\AppendQueryToSheet ..... 16s DONE
  2023-08-23 10:21:39 Maatwebsite\Excel\Jobs\AppendQueryToSheet ...... RUNNING
  2023-08-23 10:21:55 Maatwebsite\Excel\Jobs\AppendQueryToSheet ..... 16s DONE
  2023-08-23 10:21:56 Maatwebsite\Excel\Jobs\AppendQueryToSheet ...... RUNNING
  2023-08-23 10:22:13 Maatwebsite\Excel\Jobs\AppendQueryToSheet ..... 16s DONE
  2023-08-23 10:22:13 Maatwebsite\Excel\Jobs\AppendQueryToSheet ...... RUNNING
  2023-08-23 10:22:30 Maatwebsite\Excel\Jobs\AppendQueryToSheet ..... 17s DONE
  2023-08-23 10:22:31 Maatwebsite\Excel\Jobs\AppendQueryToSheet ...... RUNNING
  2023-08-23 10:22:50 Maatwebsite\Excel\Jobs\AppendQueryToSheet ..... 19s DONE
  2023-08-23 10:22:51 Maatwebsite\Excel\Jobs\AppendQueryToSheet ...... RUNNING
  2023-08-23 10:23:09 Maatwebsite\Excel\Jobs\AppendQueryToSheet ..... 17s DONE
  2023-08-23 10:23:09 Maatwebsite\Excel\Jobs\CloseSheet .............. RUNNING
  2023-08-23 10:23:37 Maatwebsite\Excel\Jobs\CloseSheet ............. 27s DONE
  2023-08-23 10:23:37 Maatwebsite\Excel\Jobs\StoreQueuedExport ....... RUNNING
  2023-08-23 10:23:37 Maatwebsite\Excel\Jobs\StoreQueuedExport .. 21.48ms DONE
  2023-08-23 10:23:37 App\Jobs\ShortUrl\NotifyUserOfCompletedExportJob  RUNNING
  2023-08-23 10:23:37 App\Jobs\ShortUrl\NotifyUserOfCompletedExportJob  3.30ms DONE
  2023-08-23 10:23:37 App\Notifications\ShortUrl\ShortUrlExportSuccessNotification  RUNNING
  2023-08-23 10:23:37 App\Notifications\ShortUrl\ShortUrlExportSuccessNotification  240.80ms DONE
